"gcc -o conftest -I/home/shinkansen/.rbenv/versions/2.6.3/include/ruby-2.6.0/x86_64-linux -I/home/shinkansen/.rbenv/versions/2.6.3/include/ruby-2.6.0/ruby/backward -I/home/shinkansen/.rbenv/versions/2.6.3/include/ruby-2.6.0 -I/home/shinkansen/rails/oracle/ruby-oci8/ext/oci8 -I/home/shinkansen/.rbenv/versions/2.6.3/include    -O3 -ggdb3 -Wall -Wextra -Wdeclaration-after-statement -Wdeprecated-declarations -Wduplicated-cond -Wimplicit-function-declaration -Wimplicit-int -Wmisleading-indentation -Wpointer-arith -Wrestrict -Wwrite-strings -Wimplicit-fallthrough=0 -Wmissing-noreturn -Wno-cast-function-type -Wno-constant-logical-operand -Wno-long-long -Wno-missing-field-initializers -Wno-overlength-strings -Wno-packed-bitfield-compat -Wno-parentheses-equality -Wno-self-assign -Wno-tautological-compare -Wno-unused-parameter -Wno-unused-value -Wsuggest-attribute=format -Wsuggest-attribute=noreturn -Wunused-variable  -fPIC conftest.c  -L. -L/home/shinkansen/.rbenv/versions/2.6.3/lib -Wl,-rpath,/home/shinkansen/.rbenv/versions/2.6.3/lib -L. -L/home/shinkansen/.rbenv/versions/2.6.3/lib  -fstack-protector-strong -rdynamic -Wl,-export-dynamic     -Wl,-rpath,/home/shinkansen/.rbenv/versions/2.6.3/lib -L/home/shinkansen/.rbenv/versions/2.6.3/lib -lruby  -lm   -lc"
checked program was:
/* begin */
1: #include "ruby.h"
2: 
3: int main(int argc, char **argv)
4: {
5:   return 0;
6: }
/* end */

"gcc -o conftest -I/home/shinkansen/.rbenv/versions/2.6.3/include/ruby-2.6.0/x86_64-linux -I/home/shinkansen/.rbenv/versions/2.6.3/include/ruby-2.6.0/ruby/backward -I/home/shinkansen/.rbenv/versions/2.6.3/include/ruby-2.6.0 -I/home/shinkansen/rails/oracle/ruby-oci8/ext/oci8 -I/home/shinkansen/.rbenv/versions/2.6.3/include    -O3 -ggdb3 -Wall -Wextra -Wdeclaration-after-statement -Wdeprecated-declarations -Wduplicated-cond -Wimplicit-function-declaration -Wimplicit-int -Wmisleading-indentation -Wpointer-arith -Wrestrict -Wwrite-strings -Wimplicit-fallthrough=0 -Wmissing-noreturn -Wno-cast-function-type -Wno-constant-logical-operand -Wno-long-long -Wno-missing-field-initializers -Wno-overlength-strings -Wno-packed-bitfield-compat -Wno-parentheses-equality -Wno-self-assign -Wno-tautological-compare -Wno-unused-parameter -Wno-unused-value -Wsuggest-attribute=format -Wsuggest-attribute=noreturn -Wunused-variable  -fPIC conftest.c  -L. -L/home/shinkansen/.rbenv/versions/2.6.3/lib -Wl,-rpath,/home/shinkansen/.rbenv/versions/2.6.3/lib -L. -L/home/shinkansen/.rbenv/versions/2.6.3/lib  -fstack-protector-strong -rdynamic -Wl,-export-dynamic     -Wl,-rpath,/home/shinkansen/.rbenv/versions/2.6.3/lib -L/home/shinkansen/.rbenv/versions/2.6.3/lib -lruby  -lm   -lc"
checked program was:
/* begin */
1: #include "ruby.h"
2: 
3: int main() { return 0; }
/* end */

./conftest
"gcc -I/home/shinkansen/.rbenv/versions/2.6.3/include/ruby-2.6.0/x86_64-linux -I/home/shinkansen/.rbenv/versions/2.6.3/include/ruby-2.6.0/ruby/backward -I/home/shinkansen/.rbenv/versions/2.6.3/include/ruby-2.6.0 -I/home/shinkansen/rails/oracle/ruby-oci8/ext/oci8 -I/home/shinkansen/.rbenv/versions/2.6.3/include    -O3 -ggdb3 -Wall -Wextra -Wdeclaration-after-statement -Wdeprecated-declarations -Wduplicated-cond -Wimplicit-function-declaration -Wimplicit-int -Wmisleading-indentation -Wpointer-arith -Wrestrict -Wwrite-strings -Wimplicit-fallthrough=0 -Wmissing-noreturn -Wno-cast-function-type -Wno-constant-logical-operand -Wno-long-long -Wno-missing-field-initializers -Wno-overlength-strings -Wno-packed-bitfield-compat -Wno-parentheses-equality -Wno-self-assign -Wno-tautological-compare -Wno-unused-parameter -Wno-unused-value -Wsuggest-attribute=format -Wsuggest-attribute=noreturn -Wunused-variable  -fPIC   -c conftest.c"
checked program was:
/* begin */
1: #include "ruby.h"
2: 
3: /*top*/
4: #ifndef __GNUC__
5: # error
6: |:/ === __GNUC__ undefined === /:|
7: #endif
/* end */

"gcc -o conftest -I/home/shinkansen/.rbenv/versions/2.6.3/include/ruby-2.6.0/x86_64-linux -I/home/shinkansen/.rbenv/versions/2.6.3/include/ruby-2.6.0/ruby/backward -I/home/shinkansen/.rbenv/versions/2.6.3/include/ruby-2.6.0 -I/home/shinkansen/rails/oracle/ruby-oci8/ext/oci8 -I/home/shinkansen/.rbenv/versions/2.6.3/include    -O3 -ggdb3 -Wall -Wextra -Wdeclaration-after-statement -Wdeprecated-declarations -Wduplicated-cond -Wimplicit-function-declaration -Wimplicit-int -Wmisleading-indentation -Wpointer-arith -Wrestrict -Wwrite-strings -Wimplicit-fallthrough=0 -Wmissing-noreturn -Wno-cast-function-type -Wno-constant-logical-operand -Wno-long-long -Wno-missing-field-initializers -Wno-overlength-strings -Wno-packed-bitfield-compat -Wno-parentheses-equality -Wno-self-assign -Wno-tautological-compare -Wno-unused-parameter -Wno-unused-value -Wsuggest-attribute=format -Wsuggest-attribute=noreturn -Wunused-variable  -fPIC conftest.c  -L. -L/home/shinkansen/.rbenv/versions/2.6.3/lib -Wl,-rpath,/home/shinkansen/.rbenv/versions/2.6.3/lib -L. -L/home/shinkansen/.rbenv/versions/2.6.3/lib  -fstack-protector-strong -rdynamic -Wl,-export-dynamic     -Wl,-rpath,/home/shinkansen/.rbenv/versions/2.6.3/lib -L/home/shinkansen/.rbenv/versions/2.6.3/lib -lruby  -lm   -lc"
checked program was:
/* begin */
1: #include "ruby.h"
2: 
3: int main() { return sizeof(long) == 8 ? 0 : 1; }
/* end */

./conftest
have_header: checking for sys/types.h... -------------------- yes

"gcc -E -I/home/shinkansen/.rbenv/versions/2.6.3/include/ruby-2.6.0/x86_64-linux -I/home/shinkansen/.rbenv/versions/2.6.3/include/ruby-2.6.0/ruby/backward -I/home/shinkansen/.rbenv/versions/2.6.3/include/ruby-2.6.0 -I/home/shinkansen/rails/oracle/ruby-oci8/ext/oci8 -I/home/shinkansen/.rbenv/versions/2.6.3/include    -O3 -ggdb3 -Wall -Wextra -Wdeclaration-after-statement -Wdeprecated-declarations -Wduplicated-cond -Wimplicit-function-declaration -Wimplicit-int -Wmisleading-indentation -Wpointer-arith -Wrestrict -Wwrite-strings -Wimplicit-fallthrough=0 -Wmissing-noreturn -Wno-cast-function-type -Wno-constant-logical-operand -Wno-long-long -Wno-missing-field-initializers -Wno-overlength-strings -Wno-packed-bitfield-compat -Wno-parentheses-equality -Wno-self-assign -Wno-tautological-compare -Wno-unused-parameter -Wno-unused-value -Wsuggest-attribute=format -Wsuggest-attribute=noreturn -Wunused-variable  -fPIC  conftest.c -o conftest.i"
checked program was:
/* begin */
1: #include "ruby.h"
2: 
3: #include <sys/types.h>
/* end */

--------------------

